0 info it worked if it ends with ok
1 verbose cli [ '/usr/bin/node', '/usr/bin/npm', 'start' ]
2 info using npm@1.1.63
3 info using node@v0.8.12
4 verbose read json /home/zerocity/dev/kouch/package.json
5 error Failed to parse json
5 error Unexpected token }
6 error File: /home/zerocity/dev/kouch/package.json
7 error Failed to parse package.json data.
7 error package.json must be actual JSON, not just JavaScript.
7 error
7 error This is not a bug in npm.
7 error Tell the package author to fix their package.json file. JSON.parse
8 error System Linux 3.7.10-1.16-desktop
9 error command "/usr/bin/node" "/usr/bin/npm" "start"
10 error cwd /home/zerocity/dev/kouch
11 error node -v v0.8.12
12 error npm -v 1.1.63
13 error file /home/zerocity/dev/kouch/package.json
14 error code EJSONPARSE
15 verbose exit [ 1, true ]
